  Process.cpp
D:\Education\Data Structure and Algorithims\Data Structure Project\Data Structure Project (Multi Core Processor)\Data Structures Project\BinaryTree.h(34,24): error C2676: binary '<': 'T' does not define this operator or a conversion to a type acceptable to the predefined operator
          with
          [
              T=Process
          ]
C:\Program Files\Microsoft Visual Studio\2022\Community\VC\Tools\MSVC\14.34.31933\include\vector(2373,30): message : could be 'bool std::operator <(const std::vector<_Ty,_Alloc> &,const std::vector<_Ty,_Alloc> &)'
D:\Education\Data Structure and Algorithims\Data Structure Project\Data Structure Project (Multi Core Processor)\Data Structures Project\BinaryTree.h(34,18): message : 'bool std::operator <(const std::vector<_Ty,_Alloc> &,const std::vector<_Ty,_Alloc> &)': could not deduce template argument for 'const std::vector<_Ty,_Alloc> &' from 'T'
          with
          [
              T=Process
          ]
C:\Program Files\Microsoft Visual Studio\2022\Community\VC\Tools\MSVC\14.34.31933\include\memory(3545,30): message : or       'bool std::operator <(std::nullptr_t,const std::unique_ptr<_Ty,_Dx> &)'
D:\Education\Data Structure and Algorithims\Data Structure Project\Data Structure Project (Multi Core Processor)\Data Structures Project\BinaryTree.h(34,18): message : 'bool std::operator <(std::nullptr_t,const std::unique_ptr<_Ty,_Dx> &)': could not deduce template argument for 'const std::unique_ptr<_Ty,_Dx> &' from 'T'
          with
          [
              T=Process
          ]
C:\Program Files\Microsoft Visual Studio\2022\Community\VC\Tools\MSVC\14.34.31933\include\memory(3539,30): message : or       'bool std::operator <(const std::unique_ptr<_Ty,_Dx> &,std::nullptr_t)'
D:\Education\Data Structure and Algorithims\Data Structure Project\Data Structure Project (Multi Core Processor)\Data Structures Project\BinaryTree.h(34,18): message : 'bool std::operator <(const std::unique_ptr<_Ty,_Dx> &,std::nullptr_t)': could not deduce template argument for 'const std::unique_ptr<_Ty,_Dx> &' from 'T'
          with
          [
              T=Process
          ]
C:\Program Files\Microsoft Visual Studio\2022\Community\VC\Tools\MSVC\14.34.31933\include\memory(3481,17): message : or       'bool std::operator <(const std::unique_ptr<_Ty,_Dx> &,const std::unique_ptr<_Ty2,_Dx2> &)'
D:\Education\Data Structure and Algorithims\Data Structure Project\Data Structure Project (Multi Core Processor)\Data Structures Project\BinaryTree.h(34,18): message : 'bool std::operator <(const std::unique_ptr<_Ty,_Dx> &,const std::unique_ptr<_Ty2,_Dx2> &)': could not deduce template argument for 'const std::unique_ptr<_Ty,_Dx> &' from 'T'
          with
          [
              T=Process
          ]
C:\Program Files\Microsoft Visual Studio\2022\Community\VC\Tools\MSVC\14.34.31933\include\memory(1879,17): message : or       'bool std::operator <(std::nullptr_t,const std::shared_ptr<_Ty> &) noexcept'
D:\Education\Data Structure and Algorithims\Data Structure Project\Data Structure Project (Multi Core Processor)\Data Structures Project\BinaryTree.h(34,18): message : 'bool std::operator <(std::nullptr_t,const std::shared_ptr<_Ty> &) noexcept': could not deduce template argument for 'const std::shared_ptr<_Ty> &' from 'T'
          with
          [
              T=Process
          ]
C:\Program Files\Microsoft Visual Studio\2022\Community\VC\Tools\MSVC\14.34.31933\include\memory(1874,17): message : or       'bool std::operator <(const std::shared_ptr<_Ty> &,std::nullptr_t) noexcept'
D:\Education\Data Structure and Algorithims\Data Structure Project\Data Structure Project (Multi Core Processor)\Data Structures Project\BinaryTree.h(34,18): message : 'bool std::operator <(const std::shared_ptr<_Ty> &,std::nullptr_t) noexcept': could not deduce template argument for 'const std::shared_ptr<_Ty> &' from 'T'
          with
          [
              T=Process
          ]
C:\Program Files\Microsoft Visual Studio\2022\Community\VC\Tools\MSVC\14.34.31933\include\memory(1827,17): message : or       'bool std::operator <(const std::shared_ptr<_Ty> &,const std::shared_ptr<_Ty0> &) noexcept'
D:\Education\Data Structure and Algorithims\Data Structure Project\Data Structure Project (Multi Core Processor)\Data Structures Project\BinaryTree.h(34,18): message : 'bool std::operator <(const std::shared_ptr<_Ty> &,const std::shared_ptr<_Ty0> &) noexcept': could not deduce template argument for 'const std::shared_ptr<_Ty> &' from 'T'
          with
          [
              T=Process
          ]
C:\Program Files\Microsoft Visual Studio\2022\Community\VC\Tools\MSVC\14.34.31933\include\xstring(5241,17): message : or       'bool std::operator <(const std::basic_string<_Elem,_Traits,_Alloc> &,const _Elem *const )'
D:\Education\Data Structure and Algorithims\Data Structure Project\Data Structure Project (Multi Core Processor)\Data Structures Project\BinaryTree.h(34,18): message : 'bool std::operator <(const std::basic_string<_Elem,_Traits,_Alloc> &,const _Elem *const )': could not deduce template argument for 'const std::basic_string<_Elem,_Traits,_Alloc> &' from 'T'
          with
          [
              T=Process
          ]
C:\Program Files\Microsoft Visual Studio\2022\Community\VC\Tools\MSVC\14.34.31933\include\xstring(5236,17): message : or       'bool std::operator <(const _Elem *const ,const std::basic_string<_Elem,_Traits,_Alloc> &)'
D:\Education\Data Structure and Algorithims\Data Structure Project\Data Structure Project (Multi Core Processor)\Data Structures Project\BinaryTree.h(34,18): message : 'bool std::operator <(const _Elem *const ,const std::basic_string<_Elem,_Traits,_Alloc> &)': could not deduce template argument for 'const _Elem *const ' from 'T'
          with
          [
              T=Process
          ]
C:\Program Files\Microsoft Visual Studio\2022\Community\VC\Tools\MSVC\14.34.31933\include\xstring(5230,17): message : or       'bool std::operator <(const std::basic_string<_Elem,_Traits,_Alloc> &,const std::basic_string<_Elem,_Traits,_Alloc> &) noexcept'
D:\Education\Data Structure and Algorithims\Data Structure Project\Data Structure Project (Multi Core Processor)\Data Structures Project\BinaryTree.h(34,18): message : 'bool std::operator <(const std::basic_string<_Elem,_Traits,_Alloc> &,const std::basic_string<_Elem,_Traits,_Alloc> &) noexcept': could not deduce template argument for 'const std::basic_string<_Elem,_Traits,_Alloc> &' from 'T'
          with
          [
              T=Process
          ]
C:\Program Files\Microsoft Visual Studio\2022\Community\VC\Tools\MSVC\14.34.31933\include\xutility(3599,5): message : or       'bool std::operator <(const std::move_iterator<_Iter> &,const std::move_iterator<_Iter2> &) noexcept(<expr>)'
D:\Education\Data Structure and Algorithims\Data Structure Project\Data Structure Project (Multi Core Processor)\Data Structures Project\BinaryTree.h(34,18): message : 'bool std::operator <(const std::move_iterator<_Iter> &,const std::move_iterator<_Iter2> &) noexcept(<expr>)': could not deduce template argument for 'const std::move_iterator<_Iter> &' from 'T'
          with
          [
              T=Process
          ]
C:\Program Files\Microsoft Visual Studio\2022\Community\VC\Tools\MSVC\14.34.31933\include\xutility(1422,5): message : or       'bool std::operator <(const std::reverse_iterator<_BidIt> &,const std::reverse_iterator<_BidIt2> &) noexcept(<expr>)'
D:\Education\Data Structure and Algorithims\Data Structure Project\Data Structure Project (Multi Core Processor)\Data Structures Project\BinaryTree.h(34,18): message : 'bool std::operator <(const std::reverse_iterator<_BidIt> &,const std::reverse_iterator<_BidIt2> &) noexcept(<expr>)': could not deduce template argument for 'const std::reverse_iterator<_BidIt> &' from 'T'
          with
          [
              T=Process
          ]
C:\Program Files\Microsoft Visual Studio\2022\Community\VC\Tools\MSVC\14.34.31933\include\utility(387,27): message : or       'bool std::operator <(const std::pair<_Ty1,_Ty2> &,const std::pair<_Ty1,_Ty2> &)'
D:\Education\Data Structure and Algorithims\Data Structure Project\Data Structure Project (Multi Core Processor)\Data Structures Project\BinaryTree.h(34,18): message : 'bool std::operator <(const std::pair<_Ty1,_Ty2> &,const std::pair<_Ty1,_Ty2> &)': could not deduce template argument for 'const std::pair<_Ty1,_Ty2> &' from 'T'
          with
          [
              T=Process
          ]
D:\Education\Data Structure and Algorithims\Data Structure Project\Data Structure Project (Multi Core Processor)\Data Structures Project\BinaryTree.h(30,1): message : while compiling class template member function 'void BinaryTree<Process>::InsertBT(TreeNode<T> *&,T)'
          with
          [
              T=Process
          ]
D:\Education\Data Structure and Algorithims\Data Structure Project\Data Structure Project (Multi Core Processor)\Data Structures Project\BinaryTree.h(19,18): message : see reference to function template instantiation 'void BinaryTree<Process>::InsertBT(TreeNode<T> *&,T)' being compiled
          with
          [
              T=Process
          ]
D:\Education\Data Structure and Algorithims\Data Structure Project\Data Structure Project (Multi Core Processor)\Data Structures Project\Process.cpp(13,12): message : see reference to class template instantiation 'BinaryTree<Process>' being compiled
  UI_Info.cpp
  Generating Code...
