c:\users\ayah\onedrive\desktop\data structure project (multi core processor)\data structures project\x64\debug\vc143.pdb
c:\users\ayah\onedrive\desktop\data structure project (multi core processor)\data structures project\x64\debug\vc143.idb
c:\users\ayah\onedrive\desktop\data structure project (multi core processor)\data structures project\x64\debug\ui_info.obj
c:\users\ayah\onedrive\desktop\data structure project (multi core processor)\data structures project\x64\debug\source.obj
c:\users\ayah\onedrive\desktop\data structure project (multi core processor)\data structures project\x64\debug\sjf.obj
c:\users\ayah\onedrive\desktop\data structure project (multi core processor)\data structures project\x64\debug\scheduler.obj
c:\users\ayah\onedrive\desktop\data structure project (multi core processor)\data structures project\x64\debug\rr.obj
c:\users\ayah\onedrive\desktop\data structure project (multi core processor)\data structures project\x64\debug\processor.obj
c:\users\ayah\onedrive\desktop\data structure project (multi core processor)\data structures project\x64\debug\process.obj
c:\users\ayah\onedrive\desktop\data structure project (multi core processor)\data structures project\x64\debug\io.obj
c:\users\ayah\onedrive\desktop\data structure project (multi core processor)\data structures project\x64\debug\fcfs.obj
c:\users\ayah\onedrive\desktop\data structure project (multi core processor)\data structures project\x64\debug\data structures project.ilk
c:\users\ayah\onedrive\desktop\data structure project (multi core processor)\x64\debug\data structures project.exe
c:\users\ayah\onedrive\desktop\data structure project (multi core processor)\x64\debug\data structures project.pdb
c:\users\ayah\onedrive\desktop\data structure project (multi core processor)\data structures project\x64\debug\data str.701ed52e.tlog\cl.command.1.tlog
c:\users\ayah\onedrive\desktop\data structure project (multi core processor)\data structures project\x64\debug\data str.701ed52e.tlog\cl.read.1.tlog
c:\users\ayah\onedrive\desktop\data structure project (multi core processor)\data structures project\x64\debug\data str.701ed52e.tlog\cl.write.1.tlog
c:\users\ayah\onedrive\desktop\data structure project (multi core processor)\data structures project\x64\debug\data str.701ed52e.tlog\link.command.1.tlog
c:\users\ayah\onedrive\desktop\data structure project (multi core processor)\data structures project\x64\debug\data str.701ed52e.tlog\link.read.1.tlog
c:\users\ayah\onedrive\desktop\data structure project (multi core processor)\data structures project\x64\debug\data str.701ed52e.tlog\link.write.1.tlog
